Traceback (most recent call last):
  File "/mnt/c/Users/amira/PycharmProjects/MLOps/env/lib/python3.11/site-packages/psutil/_psposix.py", line 130, in wait_pid
    retpid, status = os.waitpid(pid, flags)
                     ^^^^^^^^^^^^^^^^^^^^^^
ChildProcessError: [Errno 10] No child processes

During handling of the above exception, another exception occurred:

Traceback (most recent call last):
  File "<frozen runpy>", line 198, in _run_module_as_main
  File "<frozen runpy>", line 88, in _run_code
  File "/mnt/c/Users/amira/PycharmProjects/MLOps/env/lib/python3.11/site-packages/airflow/__main__.py", line 62, in <module>
    main()
  File "/mnt/c/Users/amira/PycharmProjects/MLOps/env/lib/python3.11/site-packages/airflow/__main__.py", line 58, in main
    args.func(args)
  File "/mnt/c/Users/amira/PycharmProjects/MLOps/env/lib/python3.11/site-packages/airflow/cli/cli_config.py", line 49, in command
    return func(*args, **kwargs)
           ^^^^^^^^^^^^^^^^^^^^^
  File "/mnt/c/Users/amira/PycharmProjects/MLOps/env/lib/python3.11/site-packages/airflow/utils/cli.py", line 114, in wrapper
    return f(*args, **kwargs)
           ^^^^^^^^^^^^^^^^^^
  File "/mnt/c/Users/amira/PycharmProjects/MLOps/env/lib/python3.11/site-packages/airflow/utils/providers_configuration_loader.py", line 55, in wrapped_function
    return func(*args, **kwargs)
           ^^^^^^^^^^^^^^^^^^^^^
  File "/mnt/c/Users/amira/PycharmProjects/MLOps/env/lib/python3.11/site-packages/airflow/cli/commands/webserver_command.py", line 485, in webserver
    run_command_with_daemon_option(
  File "/mnt/c/Users/amira/PycharmProjects/MLOps/env/lib/python3.11/site-packages/airflow/cli/commands/daemon_utils.py", line 80, in run_command_with_daemon_option
    callback()
  File "/mnt/c/Users/amira/PycharmProjects/MLOps/env/lib/python3.11/site-packages/airflow/cli/commands/webserver_command.py", line 488, in <lambda>
    callback=lambda: start_and_monitor_gunicorn(args),
                     ^^^^^^^^^^^^^^^^^^^^^^^^^^^^^^^^
  File "/mnt/c/Users/amira/PycharmProjects/MLOps/env/lib/python3.11/site-packages/airflow/cli/commands/webserver_command.py", line 472, in start_and_monitor_gunicorn
    monitor_gunicorn(gunicorn_master_proc)
  File "/mnt/c/Users/amira/PycharmProjects/MLOps/env/lib/python3.11/site-packages/airflow/cli/commands/webserver_command.py", line 457, in monitor_gunicorn
    ).start()
      ^^^^^^^
  File "/mnt/c/Users/amira/PycharmProjects/MLOps/env/lib/python3.11/site-packages/airflow/cli/commands/webserver_command.py", line 218, in start
    self._check_workers()
  File "/mnt/c/Users/amira/PycharmProjects/MLOps/env/lib/python3.11/site-packages/airflow/cli/commands/webserver_command.py", line 232, in _check_workers
    num_workers_running = self._get_num_workers_running()
                          ^^^^^^^^^^^^^^^^^^^^^^^^^^^^^^^
  File "/mnt/c/Users/amira/PycharmProjects/MLOps/env/lib/python3.11/site-packages/airflow/cli/commands/webserver_command.py", line 151, in _get_num_workers_running
    workers = psutil.Process(self.gunicorn_master_proc.pid).children()
              ^^^^^^^^^^^^^^^^^^^^^^^^^^^^^^^^^^^^^^^^^^^^^^^^^^^^^^^^
  File "/mnt/c/Users/amira/PycharmProjects/MLOps/env/lib/python3.11/site-packages/psutil/__init__.py", line 951, in children
    ppid_map = _ppid_map()
               ^^^^^^^^^^^
  File "/mnt/c/Users/amira/PycharmProjects/MLOps/env/lib/python3.11/site-packages/psutil/_pslinux.py", line 1695, in ppid_map
    with open_binary("%s/%s/stat" % (procfs_path, pid)) as f:
         ^^^^^^^^^^^^^^^^^^^^^^^^^^^^^^^^^^^^^^^^^^^^^^
  File "/mnt/c/Users/amira/PycharmProjects/MLOps/env/lib/python3.11/site-packages/psutil/_common.py", line 799, in open_binary
    return open(fname, "rb", buffering=FILE_READ_BUFFER_SIZE)
           ^^^^^^^^^^^^^^^^^^^^^^^^^^^^^^^^^^^^^^^^^^^^^^^^^^
  File "/mnt/c/Users/amira/PycharmProjects/MLOps/env/lib/python3.11/site-packages/airflow/cli/commands/webserver_command.py", line 445, in <lambda>
    signal.signal(signal.SIGTERM, lambda signum, _: kill_proc(signum, gunicorn_master_proc))
                                                    ^^^^^^^^^^^^^^^^^^^^^^^^^^^^^^^^^^^^^^^
  File "/mnt/c/Users/amira/PycharmProjects/MLOps/env/lib/python3.11/site-packages/airflow/cli/commands/webserver_command.py", line 433, in kill_proc
    gunicorn_master_proc.wait(timeout=30)
  File "/mnt/c/Users/amira/PycharmProjects/MLOps/env/lib/python3.11/site-packages/psutil/__init__.py", line 1334, in wait
    self._exitcode = self._proc.wait(timeout)
                     ^^^^^^^^^^^^^^^^^^^^^^^^
  File "/mnt/c/Users/amira/PycharmProjects/MLOps/env/lib/python3.11/site-packages/psutil/_pslinux.py", line 1717, in wrapper
    return fun(self, *args, **kwargs)
           ^^^^^^^^^^^^^^^^^^^^^^^^^^
  File "/mnt/c/Users/amira/PycharmProjects/MLOps/env/lib/python3.11/site-packages/psutil/_pslinux.py", line 1944, in wait
    return _psposix.wait_pid(self.pid, timeout, self._name)
           ^^^^^^^^^^^^^^^^^^^^^^^^^^^^^^^^^^^^^^^^^^^^^^^^
  File "/mnt/c/Users/amira/PycharmProjects/MLOps/env/lib/python3.11/site-packages/psutil/_psposix.py", line 141, in wait_pid
    interval = sleep(interval)
               ^^^^^^^^^^^^^^^
  File "/mnt/c/Users/amira/PycharmProjects/MLOps/env/lib/python3.11/site-packages/psutil/_psposix.py", line 123, in sleep
    raise TimeoutExpired(timeout, pid=pid, name=proc_name)
psutil.TimeoutExpired: timeout after 30 seconds (pid=18776)
